[31m╷[0m[0m
[31m│[0m [0m[1m[31mError: [0m[0m[1mError acquiring the state lock[0m
[31m│[0m [0m
[31m│[0m [0m[0mError message: writing
[31m│[0m [0m"gs://taaopsfirstterraformbucket/terraform/state100125/default.tflock"
[31m│[0m [0mfailed: googleapi: Error 412: At least one of the pre-conditions you
[31m│[0m [0mspecified did not hold., conditionNotMet
[31m│[0m [0mLock Info:
[31m│[0m [0m  ID:        1759327505995996
[31m│[0m [0m  Path:      gs://taaopsfirstterraformbucket/terraform/state100125/default.tflock
[31m│[0m [0m  Operation: OperationTypePlan
[31m│[0m [0m  Who:       SEBEK\John Sweeney@SEBEK
[31m│[0m [0m  Version:   1.14.0
[31m│[0m [0m  Created:   2025-10-01 14:05:06.5212572 +0000 UTC
[31m│[0m [0m  Info:      
[31m│[0m [0m
[31m│[0m [0m
[31m│[0m [0mTerraform acquires a state lock to protect the state from being written
[31m│[0m [0mby multiple users at the same time. Please resolve the issue above and try
[31m│[0m [0magain. For most commands, you can disable locking with the "-lock=false"
[31m│[0m [0mflag, but this is not recommended.
[31m╵[0m[0m
